{"C:\\Users\\linkage\\Desktop\\aiproject\\frontend\\src\\components\\common\\LoadingState.tsx": {"path":"C:\\Users\\linkage\\Desktop\\aiproject\\frontend\\src\\components\\common\\LoadingState.tsx","statementMap":{"0":{"start":{"line":5,"column":17},"end":{"line":5,"column":null}},"1":{"start":{"line":21,"column":57},"end":{"line":58,"column":null}},"2":{"start":{"line":27,"column":8},"end":{"line":27,"column":null}},"3":{"start":{"line":31,"column":8},"end":{"line":34,"column":null}},"4":{"start":{"line":37,"column":4},"end":{"line":51,"column":null}},"5":{"start":{"line":38,"column":8},"end":{"line":49,"column":null}},"6":{"start":{"line":53,"column":4},"end":{"line":56,"column":null}}},"fnMap":{"0":{"name":"(anonymous_0)","decl":{"start":{"line":21,"column":57},"end":{"line":21,"column":58}},"loc":{"start":{"line":25,"column":6},"end":{"line":58,"column":null}},"line":25}},"branchMap":{"0":{"loc":{"start":{"line":22,"column":4},"end":{"line":22,"column":null}},"type":"default-arg","locations":[{"start":{"line":22,"column":10},"end":{"line":22,"column":null}}],"line":22},"1":{"loc":{"start":{"line":23,"column":4},"end":{"line":23,"column":null}},"type":"default-arg","locations":[{"start":{"line":23,"column":17},"end":{"line":23,"column":null}}],"line":23},"2":{"loc":{"start":{"line":24,"column":4},"end":{"line":24,"column":null}},"type":"default-arg","locations":[{"start":{"line":24,"column":11},"end":{"line":24,"column":null}}],"line":24},"3":{"loc":{"start":{"line":33,"column":13},"end":{"line":33,"column":null}},"type":"binary-expr","locations":[{"start":{"line":33,"column":13},"end":{"line":33,"column":20}},{"start":{"line":33,"column":20},"end":{"line":33,"column":null}}],"line":33},"4":{"loc":{"start":{"line":37,"column":4},"end":{"line":51,"column":null}},"type":"if","locations":[{"start":{"line":37,"column":4},"end":{"line":51,"column":null}},{"start":{},"end":{}}],"line":37}},"s":{"0":1,"1":1,"2":3,"3":3,"4":3,"5":1,"6":2},"f":{"0":3},"b":{"0":[3],"1":[3],"2":[3],"3":[3,3],"4":[1,2]},"meta":{"lastBranch":5,"lastFunction":1,"lastStatement":7,"seen":{"s:5:17:5:Infinity":0,"s:21:57:58:Infinity":1,"f:21:57:21:58":0,"b:22:10:22:Infinity":0,"b:23:17:23:Infinity":1,"b:24:11:24:Infinity":2,"s:27:8:27:Infinity":2,"s:31:8:34:Infinity":3,"b:33:13:33:20:33:20:33:Infinity":3,"b:37:4:51:Infinity:undefined:undefined:undefined:undefined":4,"s:37:4:51:Infinity":4,"s:38:8:49:Infinity":5,"s:53:4:56:Infinity":6}}}
}
